<?xml version="1.0" encoding="UTF-8"?>
<!-- Generated by org.testng.reporters.JUnitReportReporter -->
<testsuite hostname="DESKTOP-4JKAPDL" failures="0" tests="1" name="Maven6.DataDriven1" time="19.900" errors="0" timestamp="2022-12-20T11:35:03 IST" skipped="0">
  <testcase classname="Maven6.DataDriven1" name="f" time="19.900"/>
  <system-out/>
</testsuite> <!-- Maven6.DataDriven1 -->
