<?xml version="1.0" encoding="UTF-8"?>
<!-- Generated by org.testng.reporters.JUnitReportReporter -->
<testsuite hostname="DESKTOP-4JKAPDL" failures="0" tests="1" name="Maven6.DataDriven2" time="43.684" errors="0" timestamp="2023-02-07T16:08:24 IST" skipped="0">
  <testcase classname="Maven6.DataDriven2" name="Test" time="43.684"/>
  <system-out/>
</testsuite> <!-- Maven6.DataDriven2 -->
