<?xml version="1.0" encoding="UTF-8"?>
<!-- Generated by org.testng.reporters.JUnitReportReporter -->
<testsuite hostname="DESKTOP-4JKAPDL" failures="0" tests="1" name="Runner.testRunner" time="27.886" errors="0" timestamp="2023-02-08T12:49:58 IST" skipped="0">
  <testcase classname="Runner.testRunner" name="runScenario" time="27.886"/>
  <system-out/>
</testsuite> <!-- Runner.testRunner -->
