<?xml version="1.0" encoding="UTF-8"?>
<!-- Generated by org.testng.reporters.JUnitReportReporter -->
<testsuite hostname="DESKTOP-4JKAPDL" failures="0" tests="3" name="Maven3.dec13" time="39.989" errors="0" timestamp="2022-12-13T15:14:29 IST" skipped="2">
  <testcase classname="Maven3.dec13" name="windows" time="39.989"/>
  <system-out/>
  <testcase classname="Maven3.dec13" name="Upload_file">
    <skipped/>
  </testcase> <!-- Upload_file -->
  <system-out/>
  <testcase classname="Maven3.dec13" name="alerts">
    <skipped/>
  </testcase> <!-- alerts -->
  <system-out/>
</testsuite> <!-- Maven3.dec13 -->
