<?xml version="1.0" encoding="UTF-8"?>
<!-- Generated by org.testng.reporters.JUnitReportReporter -->
<testsuite hostname="DESKTOP-4JKAPDL" failures="0" tests="1" name="Maven3.Maven33" time="12.859" errors="0" timestamp="2022-12-09T16:00:49 IST" skipped="0">
  <testcase classname="Maven3.Maven33" name="f" time="12.859"/>
  <system-out/>
</testsuite> <!-- Maven3.Maven33 -->
