<?xml version="1.0" encoding="UTF-8"?>
<!-- Generated by org.testng.reporters.JUnitReportReporter -->
<testsuite hostname="DESKTOP-4JKAPDL" failures="0" tests="1" name="Maven4.JSExc" time="26.412" errors="0" timestamp="2022-12-15T15:58:57 IST" skipped="0">
  <testcase classname="Maven4.JSExc" name="f" time="26.412"/>
  <system-out/>
</testsuite> <!-- Maven4.JSExc -->
