<?xml version="1.0" encoding="UTF-8"?>
<!-- Generated by org.testng.reporters.JUnitReportReporter -->
<testsuite hostname="DESKTOP-4JKAPDL" failures="0" tests="1" name="Maven4.framesExample" time="6.208" errors="0" timestamp="2022-12-16T15:44:24 IST" skipped="0">
  <testcase classname="Maven4.framesExample" name="frame" time="6.208"/>
  <system-out/>
</testsuite> <!-- Maven4.framesExample -->
