<?xml version="1.0" encoding="UTF-8"?>
<!-- Generated by org.testng.reporters.JUnitReportReporter -->
<testsuite hostname="DESKTOP-4JKAPDL" failures="0" tests="4" name="Maven4.groups1" time="0.018" errors="0" timestamp="2022-12-15T12:17:33 IST" skipped="0">
  <testcase classname="Maven4.groups1" name="testCase1" time="0.013"/>
  <system-out/>
  <testcase classname="Maven4.groups1" name="testCase2" time="0.002"/>
  <system-out/>
  <testcase classname="Maven4.groups1" name="testCase3" time="0.002"/>
  <system-out/>
  <testcase classname="Maven4.groups1" name="testCase4" time="0.001"/>
  <system-out/>
</testsuite> <!-- Maven4.groups1 -->
