<?xml version="1.0" encoding="UTF-8"?>
<!-- Generated by org.testng.reporters.JUnitReportReporter -->
<testsuite hostname="DESKTOP-4JKAPDL" failures="0" tests="2" name="Maven4.parallelTEST" time="42.104" errors="0" timestamp="2022-12-15T12:19:12 IST" skipped="0">
  <testcase classname="Maven4.parallelTEST" name="OrangeHRM" time="21.713"/>
  <system-out/>
  <testcase classname="Maven4.parallelTEST" name="OrangeHRM" time="20.391"/>
  <system-out/>
</testsuite> <!-- Maven4.parallelTEST -->
