<?xml version="1.0" encoding="UTF-8"?>
<!-- Generated by org.testng.reporters.JUnitReportReporter -->
<testsuite hostname="DESKTOP-4JKAPDL" failures="0" tests="2" name="test_package.New_Test" time="19.077" errors="0" timestamp="2022-12-08T19:52:18 IST" skipped="0">
  <testcase classname="test_package.New_Test" name="login" time="5.895"/>
  <system-out/>
  <testcase classname="test_package.New_Test" name="about_us" time="13.182"/>
  <system-out/>
</testsuite> <!-- test_package.New_Test -->
