<?xml version="1.0" encoding="UTF-8"?>
<!-- Generated by org.testng.reporters.JUnitReportReporter -->
<testsuite hostname="DESKTOP-4JKAPDL" failures="0" tests="3" name="RahulShettyAcademy.RahulShettyAcademy" time="10.754" errors="0" timestamp="2023-01-12T14:39:18 IST" skipped="2">
  <testcase classname="RahulShettyAcademy.RahulShettyAcademy" name="tab" time="10.754"/>
  <system-out/>
  <testcase classname="RahulShettyAcademy.RahulShettyAcademy" name="window">
    <skipped/>
  </testcase> <!-- window -->
  <system-out/>
  <testcase classname="RahulShettyAcademy.RahulShettyAcademy" name="radio">
    <skipped/>
  </testcase> <!-- radio -->
  <system-out/>
</testsuite> <!-- RahulShettyAcademy.RahulShettyAcademy -->
