<?xml version="1.0" encoding="UTF-8"?>
<!-- Generated by org.testng.reporters.JUnitReportReporter -->
<testsuite hostname="DESKTOP-4JKAPDL" failures="0" tests="2" name="Maven2.mav2testng" time="17.629" errors="0" timestamp="2022-12-08T19:57:52 IST" skipped="0">
  <testcase classname="Maven2.mav2testng" name="login" time="4.452"/>
  <system-out/>
  <testcase classname="Maven2.mav2testng" name="about_us" time="13.177"/>
  <system-out/>
</testsuite> <!-- Maven2.mav2testng -->
